Clippy	Set up job	﻿2026-06-28T00:08:33.3798049Z Current runner version: '2.335.1'
Clippy	Set up job	2026-06-28T00:08:33.3822541Z ##[group]Runner Image Provisioner
Clippy	Set up job	2026-06-28T00:08:33.3823485Z Hosted Compute Agent
Clippy	Set up job	2026-06-28T00:08:33.3824140Z Version: 20260611.554
Clippy	Set up job	2026-06-28T00:08:33.3824747Z Commit: 5e0782fdc9014723d3be820dd114dd31555c2bd1
Clippy	Set up job	2026-06-28T00:08:33.3825557Z Build Date: 2026-06-11T21:40:46Z
Clippy	Set up job	2026-06-28T00:08:33.3826239Z Worker ID: {e2ad817f-260e-47bd-8eb9-0423a1fd85c8}
Clippy	Set up job	2026-06-28T00:08:33.3826979Z Azure Region: westus
Clippy	Set up job	2026-06-28T00:08:33.3827615Z ##[endgroup]
Clippy	Set up job	2026-06-28T00:08:33.3829217Z ##[group]Operating System
Clippy	Set up job	2026-06-28T00:08:33.3829947Z Ubuntu
Clippy	Set up job	2026-06-28T00:08:33.3830715Z 24.04.4
Clippy	Set up job	2026-06-28T00:08:33.3831228Z LTS
Clippy	Set up job	2026-06-28T00:08:33.3831851Z ##[endgroup]
Clippy	Set up job	2026-06-28T00:08:33.3832458Z ##[group]Runner Image
Clippy	Set up job	2026-06-28T00:08:33.3833130Z Image: ubuntu-24.04
Clippy	Set up job	2026-06-28T00:08:33.3833703Z Version: 20260622.220.1
Clippy	Set up job	2026-06-28T00:08:33.3834762Z Included Software: https://github.com/actions/runner-images/blob/ubuntu24/20260622.220/images/ubuntu/Ubuntu2404-Readme.md
Clippy	Set up job	2026-06-28T00:08:33.3836554Z Image Release: https://github.com/actions/runner-images/releases/tag/ubuntu24%2F20260622.220
Clippy	Set up job	2026-06-28T00:08:33.3837605Z ##[endgroup]
Clippy	Set up job	2026-06-28T00:08:33.3838755Z ##[group]GITHUB_TOKEN Permissions
Clippy	Set up job	2026-06-28T00:08:33.3841015Z Contents: read
Clippy	Set up job	2026-06-28T00:08:33.3841692Z Metadata: read
Clippy	Set up job	2026-06-28T00:08:33.3842248Z Packages: read
Clippy	Set up job	2026-06-28T00:08:33.3842880Z ##[endgroup]
Clippy	Set up job	2026-06-28T00:08:33.3845004Z Secret source: Actions
Clippy	Set up job	2026-06-28T00:08:33.3845814Z Prepare workflow directory
Clippy	Set up job	2026-06-28T00:08:33.4289199Z Prepare all required actions
Clippy	Set up job	2026-06-28T00:08:33.4326590Z Getting action download info
Clippy	Set up job	2026-06-28T00:08:33.7677852Z Download action repository 'actions/checkout@v7' (SHA:9c091bb21b7c1c1d1991bb908d89e4e9dddfe3e0)
Clippy	Set up job	2026-06-28T00:08:33.8462314Z Download action repository 'dtolnay/rust-toolchain@stable' (SHA:29eef336d9b2848a0b548edc03f92a220660cdb8)
Clippy	Set up job	2026-06-28T00:08:34.0399482Z Download action repository 'Swatinem/rust-cache@v2' (SHA:e18b497796c12c097a38f9edb9d0641fb99eee32)
Clippy	Set up job	2026-06-28T00:08:34.7970498Z Complete job name: Clippy
Clippy	Run actions/checkout@v7	﻿2026-06-28T00:08:34.8717126Z ##[group]Run actions/checkout@v7
Clippy	Run actions/checkout@v7	2026-06-28T00:08:34.8718096Z with:
Clippy	Run actions/checkout@v7	2026-06-28T00:08:34.8718638Z   repository: drawmeanelephant/rustodian
Clippy	Run actions/checkout@v7	2026-06-28T00:08:34.8723857Z   token: ***
Clippy	Run actions/checkout@v7	2026-06-28T00:08:34.8724367Z   ssh-strict: true
Clippy	Run actions/checkout@v7	2026-06-28T00:08:34.8724898Z   ssh-user: git
Clippy	Run actions/checkout@v7	2026-06-28T00:08:34.8725400Z   persist-credentials: true
Clippy	Run actions/checkout@v7	2026-06-28T00:08:34.8725950Z   clean: true
Clippy	Run actions/checkout@v7	2026-06-28T00:08:34.8726440Z   sparse-checkout-cone-mode: true
Clippy	Run actions/checkout@v7	2026-06-28T00:08:34.8727016Z   fetch-depth: 1
Clippy	Run actions/checkout@v7	2026-06-28T00:08:34.8727482Z   fetch-tags: false
Clippy	Run actions/checkout@v7	2026-06-28T00:08:34.8727994Z   show-progress: true
Clippy	Run actions/checkout@v7	2026-06-28T00:08:34.8728480Z   lfs: false
Clippy	Run actions/checkout@v7	2026-06-28T00:08:34.8728963Z   submodules: false
Clippy	Run actions/checkout@v7	2026-06-28T00:08:34.8729474Z   set-safe-directory: true
Clippy	Run actions/checkout@v7	2026-06-28T00:08:34.8730030Z   allow-unsafe-pr-checkout: false
Clippy	Run actions/checkout@v7	2026-06-28T00:08:34.8731051Z env:
Clippy	Run actions/checkout@v7	2026-06-28T00:08:34.8731600Z   CARGO_TERM_COLOR: always
Clippy	Run actions/checkout@v7	2026-06-28T00:08:34.8732157Z   RUSTFLAGS: -Dwarnings
Clippy	Run actions/checkout@v7	2026-06-28T00:08:34.8732692Z ##[endgroup]
Clippy	Run actions/checkout@v7	2026-06-28T00:08:34.9709595Z Syncing repository: drawmeanelephant/rustodian
Clippy	Run actions/checkout@v7	2026-06-28T00:08:34.9712314Z ##[group]Getting Git version info
Clippy	Run actions/checkout@v7	2026-06-28T00:08:34.9713176Z Working directory is '/home/runner/work/rustodian/rustodian'
Clippy	Run actions/checkout@v7	2026-06-28T00:08:34.9714339Z [command]/usr/bin/git version
Clippy	Run actions/checkout@v7	2026-06-28T00:08:34.9782227Z git version 2.54.0
Clippy	Run actions/checkout@v7	2026-06-28T00:08:34.9835690Z ##[endgroup]
Clippy	Run actions/checkout@v7	2026-06-28T00:08:34.9845867Z Temporarily overriding HOME='/home/runner/work/_temp/88a5ac56-7287-4eff-b217-1d61e07c7fb6' before making global git config changes
Clippy	Run actions/checkout@v7	2026-06-28T00:08:34.9847433Z Adding repository directory to the temporary git global config as a safe directory
Clippy	Run actions/checkout@v7	2026-06-28T00:08:34.9851142Z [command]/usr/bin/git config --global --add safe.directory /home/runner/work/rustodian/rustodian
Clippy	Run actions/checkout@v7	2026-06-28T00:08:34.9899553Z Deleting the contents of '/home/runner/work/rustodian/rustodian'
Clippy	Run actions/checkout@v7	2026-06-28T00:08:34.9903115Z ##[group]Determining repository object format
Clippy	Run actions/checkout@v7	2026-06-28T00:08:34.9905368Z ##[endgroup]
Clippy	Run actions/checkout@v7	2026-06-28T00:08:34.9907262Z ##[group]Initializing the repository
Clippy	Run actions/checkout@v7	2026-06-28T00:08:34.9909769Z [command]/usr/bin/git init /home/runner/work/rustodian/rustodian
Clippy	Run actions/checkout@v7	2026-06-28T00:08:35.0011950Z hint: Using 'master' as the name for the initial branch. This default branch name
Clippy	Run actions/checkout@v7	2026-06-28T00:08:35.0013648Z hint: will change to "main" in Git 3.0. To configure the initial branch name
Clippy	Run actions/checkout@v7	2026-06-28T00:08:35.0014681Z hint: to use in all of your new repositories, which will suppress this warning,
Clippy	Run actions/checkout@v7	2026-06-28T00:08:35.0015483Z hint: call:
Clippy	Run actions/checkout@v7	2026-06-28T00:08:35.0015927Z hint:
Clippy	Run actions/checkout@v7	2026-06-28T00:08:35.0016496Z hint: 	git config --global init.defaultBranch <name>
Clippy	Run actions/checkout@v7	2026-06-28T00:08:35.0017737Z hint:
Clippy	Run actions/checkout@v7	2026-06-28T00:08:35.0018502Z hint: Names commonly chosen instead of 'master' are 'main', 'trunk' and
Clippy	Run actions/checkout@v7	2026-06-28T00:08:35.0020595Z hint: 'development'. The just-created branch can be renamed via this command:
Clippy	Run actions/checkout@v7	2026-06-28T00:08:35.0022249Z hint:
Clippy	Run actions/checkout@v7	2026-06-28T00:08:35.0023214Z hint: 	git branch -m <name>
Clippy	Run actions/checkout@v7	2026-06-28T00:08:35.0024290Z hint:
Clippy	Run actions/checkout@v7	2026-06-28T00:08:35.0025608Z hint: Disable this message with "git config set advice.defaultBranchName false"
Clippy	Run actions/checkout@v7	2026-06-28T00:08:35.0027727Z Initialized empty Git repository in /home/runner/work/rustodian/rustodian/.git/
Clippy	Run actions/checkout@v7	2026-06-28T00:08:35.0031660Z [command]/usr/bin/git remote add origin https://github.com/drawmeanelephant/rustodian
Clippy	Run actions/checkout@v7	2026-06-28T00:08:35.0074454Z ##[endgroup]
Clippy	Run actions/checkout@v7	2026-06-28T00:08:35.0076058Z ##[group]Disabling automatic garbage collection
Clippy	Run actions/checkout@v7	2026-06-28T00:08:35.0077895Z [command]/usr/bin/git config --local gc.auto 0
Clippy	Run actions/checkout@v7	2026-06-28T00:08:35.0107146Z ##[endgroup]
Clippy	Run actions/checkout@v7	2026-06-28T00:08:35.0108884Z ##[group]Setting up auth
Clippy	Run actions/checkout@v7	2026-06-28T00:08:35.0110002Z Removing SSH command configuration
Clippy	Run actions/checkout@v7	2026-06-28T00:08:35.0114178Z [command]/usr/bin/git config --local --name-only --get-regexp core\.sshCommand
Clippy	Run actions/checkout@v7	2026-06-28T00:08:35.0148954Z [command]/usr/bin/git submodule foreach --recursive sh -c "git config --local --name-only --get-regexp 'core\.sshCommand' && git config --local --unset-all 'core.sshCommand' || :"
Clippy	Run actions/checkout@v7	2026-06-28T00:08:35.0499626Z Removing HTTP extra header
Clippy	Run actions/checkout@v7	2026-06-28T00:08:35.0505801Z [command]/usr/bin/git config --local --name-only --get-regexp http\.https\:\/\/github\.com\/\.extraheader
Clippy	Run actions/checkout@v7	2026-06-28T00:08:35.0536928Z [command]/usr/bin/git submodule foreach --recursive sh -c "git config --local --name-only --get-regexp 'http\.https\:\/\/github\.com\/\.extraheader' && git config --local --unset-all 'http.https://github.com/.extraheader' || :"
Clippy	Run actions/checkout@v7	2026-06-28T00:08:35.0745002Z Removing includeIf entries pointing to credentials config files
Clippy	Run actions/checkout@v7	2026-06-28T00:08:35.0749610Z [command]/usr/bin/git config --local --name-only --get-regexp ^includeIf\.gitdir:
Clippy	Run actions/checkout@v7	2026-06-28T00:08:35.0780148Z [command]/usr/bin/git submodule foreach --recursive git config --local --show-origin --name-only --get-regexp remote.origin.url
Clippy	Run actions/checkout@v7	2026-06-28T00:08:35.0998324Z [command]/usr/bin/git config --file /home/runner/work/_temp/git-credentials-9b4f2a2f-ecb9-4a6e-9605-9f7662def9a7.config http.https://github.com/.extraheader AUTHORIZATION: basic ***
Clippy	Run actions/checkout@v7	2026-06-28T00:08:35.1032521Z [command]/usr/bin/git config --local includeIf.gitdir:/home/runner/work/rustodian/rustodian/.git.path /home/runner/work/_temp/git-credentials-9b4f2a2f-ecb9-4a6e-9605-9f7662def9a7.config
Clippy	Run actions/checkout@v7	2026-06-28T00:08:35.1061350Z [command]/usr/bin/git config --local includeIf.gitdir:/home/runner/work/rustodian/rustodian/.git/worktrees/*.path /home/runner/work/_temp/git-credentials-9b4f2a2f-ecb9-4a6e-9605-9f7662def9a7.config
Clippy	Run actions/checkout@v7	2026-06-28T00:08:35.1119934Z [command]/usr/bin/git config --local includeIf.gitdir:/github/workspace/.git.path /github/runner_temp/git-credentials-9b4f2a2f-ecb9-4a6e-9605-9f7662def9a7.config
Clippy	Run actions/checkout@v7	2026-06-28T00:08:35.1149912Z [command]/usr/bin/git config --local includeIf.gitdir:/github/workspace/.git/worktrees/*.path /github/runner_temp/git-credentials-9b4f2a2f-ecb9-4a6e-9605-9f7662def9a7.config
Clippy	Run actions/checkout@v7	2026-06-28T00:08:35.1175926Z ##[endgroup]
Clippy	Run actions/checkout@v7	2026-06-28T00:08:35.1176781Z ##[group]Fetching the repository
Clippy	Run actions/checkout@v7	2026-06-28T00:08:35.1182454Z [command]/usr/bin/git -c protocol.version=2 fetch --no-tags --prune --no-recurse-submodules --depth=1 origin +7a913184be50aa207471b6e3991ff4c6b8b50653:refs/remotes/pull/15/merge
Clippy	Run actions/checkout@v7	2026-06-28T00:08:35.6312605Z From https://github.com/drawmeanelephant/rustodian
Clippy	Run actions/checkout@v7	2026-06-28T00:08:35.6313693Z  * [new ref]         7a913184be50aa207471b6e3991ff4c6b8b50653 -> pull/15/merge
Clippy	Run actions/checkout@v7	2026-06-28T00:08:35.6348566Z ##[endgroup]
Clippy	Run actions/checkout@v7	2026-06-28T00:08:35.6349725Z ##[group]Determining the checkout info
Clippy	Run actions/checkout@v7	2026-06-28T00:08:35.6351163Z ##[endgroup]
Clippy	Run actions/checkout@v7	2026-06-28T00:08:35.6354899Z [command]/usr/bin/git sparse-checkout disable
Clippy	Run actions/checkout@v7	2026-06-28T00:08:35.6398705Z [command]/usr/bin/git config --local --unset-all extensions.worktreeConfig
Clippy	Run actions/checkout@v7	2026-06-28T00:08:35.6424875Z ##[group]Checking out the ref
Clippy	Run actions/checkout@v7	2026-06-28T00:08:35.6428186Z [command]/usr/bin/git checkout --progress --force refs/remotes/pull/15/merge
Clippy	Run actions/checkout@v7	2026-06-28T00:08:35.6522198Z Note: switching to 'refs/remotes/pull/15/merge'.
Clippy	Run actions/checkout@v7	2026-06-28T00:08:35.6523255Z 
Clippy	Run actions/checkout@v7	2026-06-28T00:08:35.6524013Z You are in 'detached HEAD' state. You can look around, make experimental
Clippy	Run actions/checkout@v7	2026-06-28T00:08:35.6525666Z changes and commit them, and you can discard any commits you make in this
Clippy	Run actions/checkout@v7	2026-06-28T00:08:35.6527007Z state without impacting any branches by switching back to a branch.
Clippy	Run actions/checkout@v7	2026-06-28T00:08:35.6527663Z 
Clippy	Run actions/checkout@v7	2026-06-28T00:08:35.6528129Z If you want to create a new branch to retain commits you create, you may
Clippy	Run actions/checkout@v7	2026-06-28T00:08:35.6529077Z do so (now or later) by using -c with the switch command. Example:
Clippy	Run actions/checkout@v7	2026-06-28T00:08:35.6529654Z 
Clippy	Run actions/checkout@v7	2026-06-28T00:08:35.6529963Z   git switch -c <new-branch-name>
Clippy	Run actions/checkout@v7	2026-06-28T00:08:35.6530984Z 
Clippy	Run actions/checkout@v7	2026-06-28T00:08:35.6531358Z Or undo this operation with:
Clippy	Run actions/checkout@v7	2026-06-28T00:08:35.6531946Z 
Clippy	Run actions/checkout@v7	2026-06-28T00:08:35.6532270Z   git switch -
Clippy	Run actions/checkout@v7	2026-06-28T00:08:35.6532700Z 
Clippy	Run actions/checkout@v7	2026-06-28T00:08:35.6533293Z Turn off this advice by setting config variable advice.detachedHead to false
Clippy	Run actions/checkout@v7	2026-06-28T00:08:35.6533882Z 
Clippy	Run actions/checkout@v7	2026-06-28T00:08:35.6535018Z HEAD is now at 7a91318 Merge ae39144dccbb6a83522dbbbebd0d2738d01e20cd into 7aa755c16196ae34251710b17ee1034a358d22ad
Clippy	Run actions/checkout@v7	2026-06-28T00:08:35.6537020Z ##[endgroup]
Clippy	Run actions/checkout@v7	2026-06-28T00:08:35.6574912Z [command]/usr/bin/git log -1 --format=%H
Clippy	Run actions/checkout@v7	2026-06-28T00:08:35.6600562Z 7a913184be50aa207471b6e3991ff4c6b8b50653
Clippy	Run dtolnay/rust-toolchain@stable	﻿2026-06-28T00:08:35.7043671Z ##[group]Run dtolnay/rust-toolchain@stable
Clippy	Run dtolnay/rust-toolchain@stable	2026-06-28T00:08:35.7044317Z with:
Clippy	Run dtolnay/rust-toolchain@stable	2026-06-28T00:08:35.7044761Z   components: clippy
Clippy	Run dtolnay/rust-toolchain@stable	2026-06-28T00:08:35.7045218Z   toolchain: stable
Clippy	Run dtolnay/rust-toolchain@stable	2026-06-28T00:08:35.7045642Z env:
Clippy	Run dtolnay/rust-toolchain@stable	2026-06-28T00:08:35.7046048Z   CARGO_TERM_COLOR: always
Clippy	Run dtolnay/rust-toolchain@stable	2026-06-28T00:08:35.7046545Z   RUSTFLAGS: -Dwarnings
Clippy	Run dtolnay/rust-toolchain@stable	2026-06-28T00:08:35.7047002Z ##[endgroup]
Clippy	Run dtolnay/rust-toolchain@stable	2026-06-28T00:08:35.7177412Z ##[group]Run : parse toolchain version
Clippy	Run dtolnay/rust-toolchain@stable	2026-06-28T00:08:35.7178116Z ^[[36;1m: parse toolchain version^[[0m
Clippy	Run dtolnay/rust-toolchain@stable	2026-06-28T00:08:35.7178690Z ^[[36;1mif [[ -z $toolchain ]]; then^[[0m
Clippy	Run dtolnay/rust-toolchain@stable	2026-06-28T00:08:35.7179648Z ^[[36;1m  # GitHub does not enforce `required: true` inputs itself. https://github.com/actions/runner/issues/1070^[[0m
Clippy	Run dtolnay/rust-toolchain@stable	2026-06-28T00:08:35.7180864Z ^[[36;1m  echo "'toolchain' is a required input" >&2^[[0m
Clippy	Run dtolnay/rust-toolchain@stable	2026-06-28T00:08:35.7181465Z ^[[36;1m  exit 1^[[0m
Clippy	Run dtolnay/rust-toolchain@stable	2026-06-28T00:08:35.7182118Z ^[[36;1melif [[ $toolchain =~ ^stable' '[0-9]+' '(year|month|week|day)s?' 'ago$ ]]; then^[[0m
Clippy	Run dtolnay/rust-toolchain@stable	2026-06-28T00:08:35.7182950Z ^[[36;1m  if [[ Linux == macOS ]]; then^[[0m
Clippy	Run dtolnay/rust-toolchain@stable	2026-06-28T00:08:35.7183959Z ^[[36;1m    echo "toolchain=1.$((($(date -v-$(sed 's/stable \([0-9]*\) \(.\).*/\1\2/' <<< $toolchain) +%s)/60/60/24-16569)/7/6))" >> $GITHUB_OUTPUT^[[0m
Clippy	Run dtolnay/rust-toolchain@stable	2026-06-28T00:08:35.7184925Z ^[[36;1m  else^[[0m
Clippy	Run dtolnay/rust-toolchain@stable	2026-06-28T00:08:35.7185709Z ^[[36;1m    echo "toolchain=1.$((($(date --date "${toolchain#stable }" +%s)/60/60/24-16569)/7/6))" >> $GITHUB_OUTPUT^[[0m
Clippy	Run dtolnay/rust-toolchain@stable	2026-06-28T00:08:35.7186576Z ^[[36;1m  fi^[[0m
Clippy	Run dtolnay/rust-toolchain@stable	2026-06-28T00:08:35.7187170Z ^[[36;1melif [[ $toolchain =~ ^stable' 'minus' '[0-9]+' 'releases?$ ]]; then^[[0m
Clippy	Run dtolnay/rust-toolchain@stable	2026-06-28T00:08:35.7188162Z ^[[36;1m  echo "toolchain=1.$((($(date +%s)/60/60/24-16569)/7/6-${toolchain//[^0-9]/}))" >> $GITHUB_OUTPUT^[[0m
Clippy	Run dtolnay/rust-toolchain@stable	2026-06-28T00:08:35.7189040Z ^[[36;1melif [[ $toolchain =~ ^1\.[0-9]+$ ]]; then^[[0m
Clippy	Run dtolnay/rust-toolchain@stable	2026-06-28T00:08:35.7190015Z ^[[36;1m  echo "toolchain=1.$((i=${toolchain#1.}, c=($(date +%s)/60/60/24-16569)/7/6, i+9*i*(10*i<=c)+90*i*(100*i<=c)))" >> $GITHUB_OUTPUT^[[0m
Clippy	Run dtolnay/rust-toolchain@stable	2026-06-28T00:08:35.7191266Z ^[[36;1melse^[[0m
Clippy	Run dtolnay/rust-toolchain@stable	2026-06-28T00:08:35.7191768Z ^[[36;1m  echo "toolchain=$toolchain" >> $GITHUB_OUTPUT^[[0m
Clippy	Run dtolnay/rust-toolchain@stable	2026-06-28T00:08:35.7192372Z ^[[36;1mfi^[[0m
Clippy	Run dtolnay/rust-toolchain@stable	2026-06-28T00:08:35.7401758Z shell: /usr/bin/bash --noprofile --norc -e -o pipefail {0}
Clippy	Run dtolnay/rust-toolchain@stable	2026-06-28T00:08:35.7402495Z env:
Clippy	Run dtolnay/rust-toolchain@stable	2026-06-28T00:08:35.7402937Z   CARGO_TERM_COLOR: always
Clippy	Run dtolnay/rust-toolchain@stable	2026-06-28T00:08:35.7403440Z   RUSTFLAGS: -Dwarnings
Clippy	Run dtolnay/rust-toolchain@stable	2026-06-28T00:08:35.7403915Z   toolchain: stable
Clippy	Run dtolnay/rust-toolchain@stable	2026-06-28T00:08:35.7404352Z ##[endgroup]
Clippy	Run dtolnay/rust-toolchain@stable	2026-06-28T00:08:35.7556757Z ##[group]Run : construct rustup command line
Clippy	Run dtolnay/rust-toolchain@stable	2026-06-28T00:08:35.7557441Z ^[[36;1m: construct rustup command line^[[0m
Clippy	Run dtolnay/rust-toolchain@stable	2026-06-28T00:08:35.7558298Z ^[[36;1mecho "targets=$(for t in ${targets//,/ }; do echo -n ' --target' $t; done)" >> $GITHUB_OUTPUT^[[0m
Clippy	Run dtolnay/rust-toolchain@stable	2026-06-28T00:08:35.7559479Z ^[[36;1mecho "components=$(for c in ${components//,/ }; do echo -n ' --component' $c; done)" >> $GITHUB_OUTPUT^[[0m
Clippy	Run dtolnay/rust-toolchain@stable	2026-06-28T00:08:35.7560680Z ^[[36;1mecho "downgrade=" >> $GITHUB_OUTPUT^[[0m
Clippy	Run dtolnay/rust-toolchain@stable	2026-06-28T00:08:35.7590060Z shell: /usr/bin/bash --noprofile --norc -e -o pipefail {0}
Clippy	Run dtolnay/rust-toolchain@stable	2026-06-28T00:08:35.7591051Z env:
Clippy	Run dtolnay/rust-toolchain@stable	2026-06-28T00:08:35.7591486Z   CARGO_TERM_COLOR: always
Clippy	Run dtolnay/rust-toolchain@stable	2026-06-28T00:08:35.7591987Z   RUSTFLAGS: -Dwarnings
Clippy	Run dtolnay/rust-toolchain@stable	2026-06-28T00:08:35.7592459Z   targets: 
Clippy	Run dtolnay/rust-toolchain@stable	2026-06-28T00:08:35.7592884Z   components: clippy
Clippy	Run dtolnay/rust-toolchain@stable	2026-06-28T00:08:35.7593346Z ##[endgroup]
Clippy	Run dtolnay/rust-toolchain@stable	2026-06-28T00:08:35.7692506Z ##[group]Run : set $CARGO_HOME
Clippy	Run dtolnay/rust-toolchain@stable	2026-06-28T00:08:35.7693060Z ^[[36;1m: set $CARGO_HOME^[[0m
Clippy	Run dtolnay/rust-toolchain@stable	2026-06-28T00:08:35.7693713Z ^[[36;1mecho CARGO_HOME=${CARGO_HOME:-"$HOME/.cargo"} >> $GITHUB_ENV^[[0m
Clippy	Run dtolnay/rust-toolchain@stable	2026-06-28T00:08:35.7722612Z shell: /usr/bin/bash --noprofile --norc -e -o pipefail {0}
Clippy	Run dtolnay/rust-toolchain@stable	2026-06-28T00:08:35.7723284Z env:
Clippy	Run dtolnay/rust-toolchain@stable	2026-06-28T00:08:35.7723705Z   CARGO_TERM_COLOR: always
Clippy	Run dtolnay/rust-toolchain@stable	2026-06-28T00:08:35.7724210Z   RUSTFLAGS: -Dwarnings
Clippy	Run dtolnay/rust-toolchain@stable	2026-06-28T00:08:35.7724680Z ##[endgroup]
Clippy	Run dtolnay/rust-toolchain@stable	2026-06-28T00:08:35.7821772Z ##[group]Run : install rustup if needed
Clippy	Run dtolnay/rust-toolchain@stable	2026-06-28T00:08:35.7822394Z ^[[36;1m: install rustup if needed^[[0m
Clippy	Run dtolnay/rust-toolchain@stable	2026-06-28T00:08:35.7823013Z ^[[36;1mif ! command -v rustup &>/dev/null; then^[[0m
Clippy	Run dtolnay/rust-toolchain@stable	2026-06-28T00:08:35.7824327Z ^[[36;1m  curl --proto '=https' --tlsv1.2 --retry 10 --retry-connrefused --location --silent --show-error --fail https://sh.rustup.rs | sh -s -- --default-toolchain none -y^[[0m
Clippy	Run dtolnay/rust-toolchain@stable	2026-06-28T00:08:35.7825853Z ^[[36;1m  echo "$CARGO_HOME/bin" >> $GITHUB_PATH^[[0m
Clippy	Run dtolnay/rust-toolchain@stable	2026-06-28T00:08:35.7826433Z ^[[36;1mfi^[[0m
Clippy	Run dtolnay/rust-toolchain@stable	2026-06-28T00:08:35.7855181Z shell: /usr/bin/bash --noprofile --norc -e -o pipefail {0}
Clippy	Run dtolnay/rust-toolchain@stable	2026-06-28T00:08:35.7855856Z env:
Clippy	Run dtolnay/rust-toolchain@stable	2026-06-28T00:08:35.7856270Z   CARGO_TERM_COLOR: always
Clippy	Run dtolnay/rust-toolchain@stable	2026-06-28T00:08:35.7856768Z   RUSTFLAGS: -Dwarnings
Clippy	Run dtolnay/rust-toolchain@stable	2026-06-28T00:08:35.7857275Z   CARGO_HOME: /home/runner/.cargo
Clippy	Run dtolnay/rust-toolchain@stable	2026-06-28T00:08:35.7857784Z ##[endgroup]
Clippy	Run dtolnay/rust-toolchain@stable	2026-06-28T00:08:35.7954953Z ##[group]Run rustup toolchain install stable --component clippy --profile minimal --no-self-update
Clippy	Run dtolnay/rust-toolchain@stable	2026-06-28T00:08:35.7956182Z ^[[36;1mrustup toolchain install stable --component clippy --profile minimal --no-self-update^[[0m
Clippy	Run dtolnay/rust-toolchain@stable	2026-06-28T00:08:35.7984917Z shell: /usr/bin/bash --noprofile --norc -e -o pipefail {0}
Clippy	Run dtolnay/rust-toolchain@stable	2026-06-28T00:08:35.7985600Z env:
Clippy	Run dtolnay/rust-toolchain@stable	2026-06-28T00:08:35.7986043Z   CARGO_TERM_COLOR: always
Clippy	Run dtolnay/rust-toolchain@stable	2026-06-28T00:08:35.7986572Z   RUSTFLAGS: -Dwarnings
Clippy	Run dtolnay/rust-toolchain@stable	2026-06-28T00:08:35.7987071Z   CARGO_HOME: /home/runner/.cargo
Clippy	Run dtolnay/rust-toolchain@stable	2026-06-28T00:08:35.7987624Z   RUSTUP_PERMIT_COPY_RENAME: 1
Clippy	Run dtolnay/rust-toolchain@stable	2026-06-28T00:08:35.7988131Z ##[endgroup]
Clippy	Run dtolnay/rust-toolchain@stable	2026-06-28T00:08:35.9968616Z info: syncing channel updates for stable-x86_64-unknown-linux-gnu
Clippy	Run dtolnay/rust-toolchain@stable	2026-06-28T00:08:36.1023478Z info: latest update on 2026-05-28 for version 1.96.0 (ac68faa20 2026-05-25)
Clippy	Run dtolnay/rust-toolchain@stable	2026-06-28T00:08:36.1251612Z info: component clippy is up to date
Clippy	Run dtolnay/rust-toolchain@stable	2026-06-28T00:08:36.1265224Z 
Clippy	Run dtolnay/rust-toolchain@stable	2026-06-28T00:08:36.1346805Z   stable-x86_64-unknown-linux-gnu unchanged - rustc 1.96.0 (ac68faa20 2026-05-25)
Clippy	Run dtolnay/rust-toolchain@stable	2026-06-28T00:08:36.1347566Z 
Clippy	Run dtolnay/rust-toolchain@stable	2026-06-28T00:08:36.1410878Z ##[group]Run rustup default stable
Clippy	Run dtolnay/rust-toolchain@stable	2026-06-28T00:08:36.1411484Z ^[[36;1mrustup default stable^[[0m
Clippy	Run dtolnay/rust-toolchain@stable	2026-06-28T00:08:36.1443267Z shell: /usr/bin/bash --noprofile --norc -e -o pipefail {0}
Clippy	Run dtolnay/rust-toolchain@stable	2026-06-28T00:08:36.1444120Z env:
Clippy	Run dtolnay/rust-toolchain@stable	2026-06-28T00:08:36.1444573Z   CARGO_TERM_COLOR: always
Clippy	Run dtolnay/rust-toolchain@stable	2026-06-28T00:08:36.1445071Z   RUSTFLAGS: -Dwarnings
Clippy	Run dtolnay/rust-toolchain@stable	2026-06-28T00:08:36.1445583Z   CARGO_HOME: /home/runner/.cargo
Clippy	Run dtolnay/rust-toolchain@stable	2026-06-28T00:08:36.1446092Z ##[endgroup]
Clippy	Run dtolnay/rust-toolchain@stable	2026-06-28T00:08:36.1551630Z info: using existing install for stable-x86_64-unknown-linux-gnu
Clippy	Run dtolnay/rust-toolchain@stable	2026-06-28T00:08:36.1558472Z info: default toolchain set to stable-x86_64-unknown-linux-gnu
Clippy	Run dtolnay/rust-toolchain@stable	2026-06-28T00:08:36.1559152Z 
Clippy	Run dtolnay/rust-toolchain@stable	2026-06-28T00:08:36.1635834Z   stable-x86_64-unknown-linux-gnu unchanged - rustc 1.96.0 (ac68faa20 2026-05-25)
Clippy	Run dtolnay/rust-toolchain@stable	2026-06-28T00:08:36.1636504Z 
Clippy	Run dtolnay/rust-toolchain@stable	2026-06-28T00:08:36.1682291Z ##[group]Run : create cachekey
Clippy	Run dtolnay/rust-toolchain@stable	2026-06-28T00:08:36.1682874Z ^[[36;1m: create cachekey^[[0m
Clippy	Run dtolnay/rust-toolchain@stable	2026-06-28T00:08:36.1683818Z ^[[36;1mDATE=$(rustc +stable --version --verbose | sed -ne 's/^commit-date: \(20[0-9][0-9]\)-\([01][0-9]\)-\([0-3][0-9]\)$/\1\2\3/p')^[[0m
Clippy	Run dtolnay/rust-toolchain@stable	2026-06-28T00:08:36.1685027Z ^[[36;1mHASH=$(rustc +stable --version --verbose | sed -ne 's/^commit-hash: //p')^[[0m
Clippy	Run dtolnay/rust-toolchain@stable	2026-06-28T00:08:36.1685978Z ^[[36;1mecho "cachekey=$(echo $DATE$HASH | head -c12)" >> $GITHUB_OUTPUT^[[0m
Clippy	Run dtolnay/rust-toolchain@stable	2026-06-28T00:08:36.1717235Z shell: /usr/bin/bash --noprofile --norc -e -o pipefail {0}
Clippy	Run dtolnay/rust-toolchain@stable	2026-06-28T00:08:36.1717925Z env:
Clippy	Run dtolnay/rust-toolchain@stable	2026-06-28T00:08:36.1718336Z   CARGO_TERM_COLOR: always
Clippy	Run dtolnay/rust-toolchain@stable	2026-06-28T00:08:36.1718840Z   RUSTFLAGS: -Dwarnings
Clippy	Run dtolnay/rust-toolchain@stable	2026-06-28T00:08:36.1719341Z   CARGO_HOME: /home/runner/.cargo
Clippy	Run dtolnay/rust-toolchain@stable	2026-06-28T00:08:36.1719860Z ##[endgroup]
Clippy	Run dtolnay/rust-toolchain@stable	2026-06-28T00:08:36.2136043Z ##[group]Run : disable incremental compilation
Clippy	Run dtolnay/rust-toolchain@stable	2026-06-28T00:08:36.2136754Z ^[[36;1m: disable incremental compilation^[[0m
Clippy	Run dtolnay/rust-toolchain@stable	2026-06-28T00:08:36.2137399Z ^[[36;1mif [ -z "${CARGO_INCREMENTAL+set}" ]; then^[[0m
Clippy	Run dtolnay/rust-toolchain@stable	2026-06-28T00:08:36.2138063Z ^[[36;1m  echo CARGO_INCREMENTAL=0 >> $GITHUB_ENV^[[0m
Clippy	Run dtolnay/rust-toolchain@stable	2026-06-28T00:08:36.2138640Z ^[[36;1mfi^[[0m
Clippy	Run dtolnay/rust-toolchain@stable	2026-06-28T00:08:36.2169297Z shell: /usr/bin/bash --noprofile --norc -e -o pipefail {0}
Clippy	Run dtolnay/rust-toolchain@stable	2026-06-28T00:08:36.2169983Z env:
Clippy	Run dtolnay/rust-toolchain@stable	2026-06-28T00:08:36.2170627Z   CARGO_TERM_COLOR: always
Clippy	Run dtolnay/rust-toolchain@stable	2026-06-28T00:08:36.2171149Z   RUSTFLAGS: -Dwarnings
Clippy	Run dtolnay/rust-toolchain@stable	2026-06-28T00:08:36.2171647Z   CARGO_HOME: /home/runner/.cargo
Clippy	Run dtolnay/rust-toolchain@stable	2026-06-28T00:08:36.2172189Z ##[endgroup]
Clippy	Run dtolnay/rust-toolchain@stable	2026-06-28T00:08:36.2259432Z ##[group]Run : enable colors in Cargo output
Clippy	Run dtolnay/rust-toolchain@stable	2026-06-28T00:08:36.2260619Z ^[[36;1m: enable colors in Cargo output^[[0m
Clippy	Run dtolnay/rust-toolchain@stable	2026-06-28T00:08:36.2261333Z ^[[36;1mif [ -z "${CARGO_TERM_COLOR+set}" ]; then^[[0m
Clippy	Run dtolnay/rust-toolchain@stable	2026-06-28T00:08:36.2262020Z ^[[36;1m  echo CARGO_TERM_COLOR=always >> $GITHUB_ENV^[[0m
Clippy	Run dtolnay/rust-toolchain@stable	2026-06-28T00:08:36.2262645Z ^[[36;1mfi^[[0m
Clippy	Run dtolnay/rust-toolchain@stable	2026-06-28T00:08:36.2291805Z shell: /usr/bin/bash --noprofile --norc -e -o pipefail {0}
Clippy	Run dtolnay/rust-toolchain@stable	2026-06-28T00:08:36.2292476Z env:
Clippy	Run dtolnay/rust-toolchain@stable	2026-06-28T00:08:36.2292886Z   CARGO_TERM_COLOR: always
Clippy	Run dtolnay/rust-toolchain@stable	2026-06-28T00:08:36.2293385Z   RUSTFLAGS: -Dwarnings
Clippy	Run dtolnay/rust-toolchain@stable	2026-06-28T00:08:36.2293870Z   CARGO_HOME: /home/runner/.cargo
Clippy	Run dtolnay/rust-toolchain@stable	2026-06-28T00:08:36.2294398Z   CARGO_INCREMENTAL: 0
Clippy	Run dtolnay/rust-toolchain@stable	2026-06-28T00:08:36.2294846Z ##[endgroup]
Clippy	Run dtolnay/rust-toolchain@stable	2026-06-28T00:08:36.2382058Z ##[group]Run : enable Cargo sparse registry
Clippy	Run dtolnay/rust-toolchain@stable	2026-06-28T00:08:36.2382705Z ^[[36;1m: enable Cargo sparse registry^[[0m
Clippy	Run dtolnay/rust-toolchain@stable	2026-06-28T00:08:36.2383451Z ^[[36;1m# implemented in 1.66, stabilized in 1.68, made default in 1.70^[[0m
Clippy	Run dtolnay/rust-toolchain@stable	2026-06-28T00:08:36.2384752Z ^[[36;1mif [ -z "${CARGO_REGISTRIES_CRATES_IO_PROTOCOL+set}" -o -f "/home/runner/work/_temp"/.implicit_cargo_registries_crates_io_protocol ]; then^[[0m
Clippy	Run dtolnay/rust-toolchain@stable	2026-06-28T00:08:36.2386095Z ^[[36;1m  if rustc +stable --version --verbose | grep -q '^release: 1\.6[89]\.'; then^[[0m
Clippy	Run dtolnay/rust-toolchain@stable	2026-06-28T00:08:36.2387156Z ^[[36;1m    touch "/home/runner/work/_temp"/.implicit_cargo_registries_crates_io_protocol || true^[[0m
Clippy	Run dtolnay/rust-toolchain@stable	2026-06-28T00:08:36.2388188Z ^[[36;1m    echo CARGO_REGISTRIES_CRATES_IO_PROTOCOL=sparse >> $GITHUB_ENV^[[0m
Clippy	Run dtolnay/rust-toolchain@stable	2026-06-28T00:08:36.2389222Z ^[[36;1m  elif rustc +stable --version --verbose | grep -q '^release: 1\.6[67]\.'; then^[[0m
Clippy	Run dtolnay/rust-toolchain@stable	2026-06-28T00:08:36.2390913Z ^[[36;1m    touch "/home/runner/work/_temp"/.implicit_cargo_registries_crates_io_protocol || true^[[0m
Clippy	Run dtolnay/rust-toolchain@stable	2026-06-28T00:08:36.2391931Z ^[[36;1m    echo CARGO_REGISTRIES_CRATES_IO_PROTOCOL=git >> $GITHUB_ENV^[[0m
Clippy	Run dtolnay/rust-toolchain@stable	2026-06-28T00:08:36.2392612Z ^[[36;1m  fi^[[0m
Clippy	Run dtolnay/rust-toolchain@stable	2026-06-28T00:08:36.2393026Z ^[[36;1mfi^[[0m
Clippy	Run dtolnay/rust-toolchain@stable	2026-06-28T00:08:36.2421698Z shell: /usr/bin/bash --noprofile --norc -e -o pipefail {0}
Clippy	Run dtolnay/rust-toolchain@stable	2026-06-28T00:08:36.2422403Z env:
Clippy	Run dtolnay/rust-toolchain@stable	2026-06-28T00:08:36.2422833Z   CARGO_TERM_COLOR: always
Clippy	Run dtolnay/rust-toolchain@stable	2026-06-28T00:08:36.2423320Z   RUSTFLAGS: -Dwarnings
Clippy	Run dtolnay/rust-toolchain@stable	2026-06-28T00:08:36.2423819Z   CARGO_HOME: /home/runner/.cargo
Clippy	Run dtolnay/rust-toolchain@stable	2026-06-28T00:08:36.2424348Z   CARGO_INCREMENTAL: 0
Clippy	Run dtolnay/rust-toolchain@stable	2026-06-28T00:08:36.2424822Z ##[endgroup]
Clippy	Run dtolnay/rust-toolchain@stable	2026-06-28T00:08:36.2774247Z ##[group]Run : work around spurious network errors in curl 8.0
Clippy	Run dtolnay/rust-toolchain@stable	2026-06-28T00:08:36.2775102Z ^[[36;1m: work around spurious network errors in curl 8.0^[[0m
Clippy	Run dtolnay/rust-toolchain@stable	2026-06-28T00:08:36.2776106Z ^[[36;1m# https://rust-lang.zulipchat.com/#narrow/stream/246057-t-cargo/topic/timeout.20investigation^[[0m
Clippy	Run dtolnay/rust-toolchain@stable	2026-06-28T00:08:36.2777247Z ^[[36;1mif rustc +stable --version --verbose | grep -q '^release: 1\.7[01]\.'; then^[[0m
Clippy	Run dtolnay/rust-toolchain@stable	2026-06-28T00:08:36.2778133Z ^[[36;1m  echo CARGO_HTTP_MULTIPLEXING=false >> $GITHUB_ENV^[[0m
Clippy	Run dtolnay/rust-toolchain@stable	2026-06-28T00:08:36.2778766Z ^[[36;1mfi^[[0m
Clippy	Run dtolnay/rust-toolchain@stable	2026-06-28T00:08:36.2808899Z shell: /usr/bin/bash --noprofile --norc -e -o pipefail {0}
Clippy	Run dtolnay/rust-toolchain@stable	2026-06-28T00:08:36.2809606Z env:
Clippy	Run dtolnay/rust-toolchain@stable	2026-06-28T00:08:36.2810038Z   CARGO_TERM_COLOR: always
Clippy	Run dtolnay/rust-toolchain@stable	2026-06-28T00:08:36.2810856Z   RUSTFLAGS: -Dwarnings
Clippy	Run dtolnay/rust-toolchain@stable	2026-06-28T00:08:36.2811358Z   CARGO_HOME: /home/runner/.cargo
Clippy	Run dtolnay/rust-toolchain@stable	2026-06-28T00:08:36.2811932Z   CARGO_INCREMENTAL: 0
Clippy	Run dtolnay/rust-toolchain@stable	2026-06-28T00:08:36.2812390Z ##[endgroup]
Clippy	Run dtolnay/rust-toolchain@stable	2026-06-28T00:08:36.3029371Z ##[group]Run rustc +stable --version --verbose
Clippy	Run dtolnay/rust-toolchain@stable	2026-06-28T00:08:36.3030050Z ^[[36;1mrustc +stable --version --verbose^[[0m
Clippy	Run dtolnay/rust-toolchain@stable	2026-06-28T00:08:36.3059360Z shell: /usr/bin/bash --noprofile --norc -e -o pipefail {0}
Clippy	Run dtolnay/rust-toolchain@stable	2026-06-28T00:08:36.3060039Z env:
Clippy	Run dtolnay/rust-toolchain@stable	2026-06-28T00:08:36.3060740Z   CARGO_TERM_COLOR: always
Clippy	Run dtolnay/rust-toolchain@stable	2026-06-28T00:08:36.3061250Z   RUSTFLAGS: -Dwarnings
Clippy	Run dtolnay/rust-toolchain@stable	2026-06-28T00:08:36.3061749Z   CARGO_HOME: /home/runner/.cargo
Clippy	Run dtolnay/rust-toolchain@stable	2026-06-28T00:08:36.3062279Z   CARGO_INCREMENTAL: 0
Clippy	Run dtolnay/rust-toolchain@stable	2026-06-28T00:08:36.3062737Z ##[endgroup]
Clippy	Run dtolnay/rust-toolchain@stable	2026-06-28T00:08:36.3227065Z rustc 1.96.0 (ac68faa20 2026-05-25)
Clippy	Run dtolnay/rust-toolchain@stable	2026-06-28T00:08:36.3228196Z binary: rustc
Clippy	Run dtolnay/rust-toolchain@stable	2026-06-28T00:08:36.3228815Z commit-hash: ac68faa20c58cbccd01ee7208bf3b6e93a7d7f96
Clippy	Run dtolnay/rust-toolchain@stable	2026-06-28T00:08:36.3229605Z commit-date: 2026-05-25
Clippy	Run dtolnay/rust-toolchain@stable	2026-06-28T00:08:36.3230831Z host: x86_64-unknown-linux-gnu
Clippy	Run dtolnay/rust-toolchain@stable	2026-06-28T00:08:36.3232041Z release: 1.96.0
Clippy	Run dtolnay/rust-toolchain@stable	2026-06-28T00:08:36.3232875Z LLVM version: 22.1.2
Clippy	Run Swatinem/rust-cache@v2	﻿2026-06-28T00:08:36.3387665Z ##[group]Run Swatinem/rust-cache@v2
Clippy	Run Swatinem/rust-cache@v2	2026-06-28T00:08:36.3388265Z with:
Clippy	Run Swatinem/rust-cache@v2	2026-06-28T00:08:36.3388683Z   prefix-key: v0-rust
Clippy	Run Swatinem/rust-cache@v2	2026-06-28T00:08:36.3389146Z   add-job-id-key: true
Clippy	Run Swatinem/rust-cache@v2	2026-06-28T00:08:36.3389638Z   add-rust-environment-hash-key: true
Clippy	Run Swatinem/rust-cache@v2	2026-06-28T00:08:36.3390189Z   cache-targets: true
Clippy	Run Swatinem/rust-cache@v2	2026-06-28T00:08:36.3390998Z   cache-all-crates: false
Clippy	Run Swatinem/rust-cache@v2	2026-06-28T00:08:36.3391503Z   cache-workspace-crates: false
Clippy	Run Swatinem/rust-cache@v2	2026-06-28T00:08:36.3392005Z   save-if: true
Clippy	Run Swatinem/rust-cache@v2	2026-06-28T00:08:36.3392449Z   cache-provider: github
Clippy	Run Swatinem/rust-cache@v2	2026-06-28T00:08:36.3392932Z   cache-bin: true
Clippy	Run Swatinem/rust-cache@v2	2026-06-28T00:08:36.3393365Z   lookup-only: false
Clippy	Run Swatinem/rust-cache@v2	2026-06-28T00:08:36.3393807Z   cmd-format: {0}
Clippy	Run Swatinem/rust-cache@v2	2026-06-28T00:08:36.3394232Z env:
Clippy	Run Swatinem/rust-cache@v2	2026-06-28T00:08:36.3394634Z   CARGO_TERM_COLOR: always
Clippy	Run Swatinem/rust-cache@v2	2026-06-28T00:08:36.3395129Z   RUSTFLAGS: -Dwarnings
Clippy	Run Swatinem/rust-cache@v2	2026-06-28T00:08:36.3395640Z   CARGO_HOME: /home/runner/.cargo
Clippy	Run Swatinem/rust-cache@v2	2026-06-28T00:08:36.3396166Z   CARGO_INCREMENTAL: 0
Clippy	Run Swatinem/rust-cache@v2	2026-06-28T00:08:36.3396608Z ##[endgroup]
Clippy	Run Swatinem/rust-cache@v2	2026-06-28T00:08:36.6206935Z (node:2329) [DEP0040] DeprecationWarning: The `punycode` module is deprecated. Please use a userland alternative instead.
Clippy	Run Swatinem/rust-cache@v2	2026-06-28T00:08:36.6211402Z (Use `node --trace-deprecation ...` to show where the warning was created)
Clippy	Run Swatinem/rust-cache@v2	2026-06-28T00:08:36.8404203Z ##[group]Cache Configuration
Clippy	Run Swatinem/rust-cache@v2	2026-06-28T00:08:36.8406182Z Cache Provider:
Clippy	Run Swatinem/rust-cache@v2	2026-06-28T00:08:36.8407739Z     github
Clippy	Run Swatinem/rust-cache@v2	2026-06-28T00:08:36.8409213Z Workspaces:
Clippy	Run Swatinem/rust-cache@v2	2026-06-28T00:08:36.8410995Z     /home/runner/work/rustodian/rustodian
Clippy	Run Swatinem/rust-cache@v2	2026-06-28T00:08:36.8412966Z Cache Paths:
Clippy	Run Swatinem/rust-cache@v2	2026-06-28T00:08:36.8414565Z     /home/runner/.cargo/bin
Clippy	Run Swatinem/rust-cache@v2	2026-06-28T00:08:36.8416516Z     /home/runner/.cargo/.crates.toml
Clippy	Run Swatinem/rust-cache@v2	2026-06-28T00:08:36.8418522Z     /home/runner/.cargo/.crates2.json
Clippy	Run Swatinem/rust-cache@v2	2026-06-28T00:08:36.8419968Z     /home/runner/.cargo/registry
Clippy	Run Swatinem/rust-cache@v2	2026-06-28T00:08:36.8421765Z     /home/runner/.cargo/git
Clippy	Run Swatinem/rust-cache@v2	2026-06-28T00:08:36.8424043Z     /home/runner/work/rustodian/rustodian/target
Clippy	Run Swatinem/rust-cache@v2	2026-06-28T00:08:36.8425916Z Restore Key:
Clippy	Run Swatinem/rust-cache@v2	2026-06-28T00:08:36.8427418Z     v0-rust-clippy-Linux-x64-b2f8d928
Clippy	Run Swatinem/rust-cache@v2	2026-06-28T00:08:36.8429190Z Cache Key:
Clippy	Run Swatinem/rust-cache@v2	2026-06-28T00:08:36.8432173Z     v0-rust-clippy-Linux-x64-b2f8d928-3fa069cf
Clippy	Run Swatinem/rust-cache@v2	2026-06-28T00:08:36.8433868Z .. Prefix:
Clippy	Run Swatinem/rust-cache@v2	2026-06-28T00:08:36.8434994Z   - v0-rust-clippy-Linux-x64
Clippy	Run Swatinem/rust-cache@v2	2026-06-28T00:08:36.8439060Z .. Environment considered:
Clippy	Run Swatinem/rust-cache@v2	2026-06-28T00:08:36.8440951Z   - Rust Versions:
Clippy	Run Swatinem/rust-cache@v2	2026-06-28T00:08:36.8442779Z     - 1.96.0 x86_64-unknown-linux-gnu ac68faa20c58cbccd01ee7208bf3b6e93a7d7f96
Clippy	Run Swatinem/rust-cache@v2	2026-06-28T00:08:36.8445207Z     - 1.96.0 x86_64-unknown-linux-gnu ac68faa20c58cbccd01ee7208bf3b6e93a7d7f96
Clippy	Run Swatinem/rust-cache@v2	2026-06-28T00:08:36.8447614Z   - CARGO_HOME
Clippy	Run Swatinem/rust-cache@v2	2026-06-28T00:08:36.8448945Z   - CARGO_INCREMENTAL
Clippy	Run Swatinem/rust-cache@v2	2026-06-28T00:08:36.8450533Z   - CARGO_TERM_COLOR
Clippy	Run Swatinem/rust-cache@v2	2026-06-28T00:08:36.8452160Z   - RUSTFLAGS
Clippy	Run Swatinem/rust-cache@v2	2026-06-28T00:08:36.8453543Z .. Lockfiles considered:
Clippy	Run Swatinem/rust-cache@v2	2026-06-28T00:08:36.8455393Z   - /home/runner/work/rustodian/rustodian/Cargo.lock
Clippy	Run Swatinem/rust-cache@v2	2026-06-28T00:08:36.8458236Z   - /home/runner/work/rustodian/rustodian/crates/rustodian-cli/Cargo.toml
Clippy	Run Swatinem/rust-cache@v2	2026-06-28T00:08:36.8461489Z   - /home/runner/work/rustodian/rustodian/crates/rustodian-core/Cargo.toml
Clippy	Run Swatinem/rust-cache@v2	2026-06-28T00:08:36.8464326Z   - /home/runner/work/rustodian/rustodian/crates/rustodian-desktop/Cargo.toml
Clippy	Run Swatinem/rust-cache@v2	2026-06-28T00:08:36.8466974Z   - /home/runner/work/rustodian/rustodian/crates/rustodian-git/Cargo.toml
Clippy	Run Swatinem/rust-cache@v2	2026-06-28T00:08:36.8469686Z   - /home/runner/work/rustodian/rustodian/crates/rustodian-remote/Cargo.toml
Clippy	Run Swatinem/rust-cache@v2	2026-06-28T00:08:36.8473238Z   - /home/runner/work/rustodian/rustodian/crates/rustodian-scanner/Cargo.toml
Clippy	Run Swatinem/rust-cache@v2	2026-06-28T00:08:36.8476194Z   - /home/runner/work/rustodian/rustodian/crates/rustodian-storage/Cargo.toml
Clippy	Run Swatinem/rust-cache@v2	2026-06-28T00:08:36.8478974Z   - /home/runner/work/rustodian/rustodian/crates/rustodian-types/Cargo.toml
Clippy	Run Swatinem/rust-cache@v2	2026-06-28T00:08:36.8481578Z   - /home/runner/work/rustodian/rustodian/xtask/Cargo.toml
Clippy	Run Swatinem/rust-cache@v2	2026-06-28T00:08:36.8484335Z ##[endgroup]
Clippy	Run Swatinem/rust-cache@v2	2026-06-28T00:08:36.8484910Z 
Clippy	Run Swatinem/rust-cache@v2	2026-06-28T00:08:36.8485361Z ... Restoring cache ...
Clippy	Run Swatinem/rust-cache@v2	2026-06-28T00:08:37.0917666Z Cache hit for restore-key: v0-rust-clippy-Linux-x64-b2f8d928-2562d0dd
Clippy	Run Swatinem/rust-cache@v2	2026-06-28T00:08:38.3748867Z Received 0 of 386013326 (0.0%), 0.0 MBs/sec
Clippy	Run Swatinem/rust-cache@v2	2026-06-28T00:08:39.3751553Z Received 88080384 of 386013326 (22.8%), 42.0 MBs/sec
Clippy	Run Swatinem/rust-cache@v2	2026-06-28T00:08:40.3794106Z Received 234881024 of 386013326 (60.8%), 74.6 MBs/sec
Clippy	Run Swatinem/rust-cache@v2	2026-06-28T00:08:41.3821490Z Received 381819022 of 386013326 (98.9%), 90.9 MBs/sec
Clippy	Run Swatinem/rust-cache@v2	2026-06-28T00:08:42.1221380Z Received 386013326 of 386013326 (100.0%), 77.6 MBs/sec
Clippy	Run Swatinem/rust-cache@v2	2026-06-28T00:08:42.1222354Z Cache Size: ~368 MB (386013326 B)
Clippy	Run Swatinem/rust-cache@v2	2026-06-28T00:08:42.1265977Z [command]/usr/bin/tar -xf /home/runner/work/_temp/90643927-e878-423e-9313-7b79fa0792df/cache.tzst -P -C /home/runner/work/rustodian/rustodian --use-compress-program unzstd
Clippy	Run Swatinem/rust-cache@v2	2026-06-28T00:08:44.3145939Z Cache restored successfully
Clippy	Run Swatinem/rust-cache@v2	2026-06-28T00:08:44.3314748Z Restored from cache key "v0-rust-clippy-Linux-x64-b2f8d928-2562d0dd" full match: false.
Clippy	Run cargo clippy --workspace --all-targets -- -D warnings	﻿2026-06-28T00:08:44.3568365Z ##[group]Run cargo clippy --workspace --all-targets -- -D warnings
Clippy	Run cargo clippy --workspace --all-targets -- -D warnings	2026-06-28T00:08:44.3568993Z ^[[36;1mcargo clippy --workspace --all-targets -- -D warnings^[[0m
Clippy	Run cargo clippy --workspace --all-targets -- -D warnings	2026-06-28T00:08:44.3603548Z shell: /usr/bin/bash -e {0}
Clippy	Run cargo clippy --workspace --all-targets -- -D warnings	2026-06-28T00:08:44.3603862Z env:
Clippy	Run cargo clippy --workspace --all-targets -- -D warnings	2026-06-28T00:08:44.3604084Z   CARGO_TERM_COLOR: always
Clippy	Run cargo clippy --workspace --all-targets -- -D warnings	2026-06-28T00:08:44.3604352Z   RUSTFLAGS: -Dwarnings
Clippy	Run cargo clippy --workspace --all-targets -- -D warnings	2026-06-28T00:08:44.3604630Z   CARGO_HOME: /home/runner/.cargo
Clippy	Run cargo clippy --workspace --all-targets -- -D warnings	2026-06-28T00:08:44.3604908Z   CARGO_INCREMENTAL: 0
Clippy	Run cargo clippy --workspace --all-targets -- -D warnings	2026-06-28T00:08:44.3605156Z   CACHE_ON_FAILURE: false
Clippy	Run cargo clippy --workspace --all-targets -- -D warnings	2026-06-28T00:08:44.3605396Z ##[endgroup]
Clippy	Run cargo clippy --workspace --all-targets -- -D warnings	2026-06-28T00:08:44.9812959Z ^[[1m^[[92m    Updating^[[0m crates.io index
Clippy	Run cargo clippy --workspace --all-targets -- -D warnings	2026-06-28T00:08:46.5503128Z ^[[1m^[[92m    Checking^[[0m rustodian-types v0.1.0 (/home/runner/work/rustodian/rustodian/crates/rustodian-types)
Clippy	Run cargo clippy --workspace --all-targets -- -D warnings	2026-06-28T00:08:46.5613120Z ^[[1m^[[92m    Checking^[[0m xtask v0.1.0 (/home/runner/work/rustodian/rustodian/xtask)
Clippy	Run cargo clippy --workspace --all-targets -- -D warnings	2026-06-28T00:08:47.8502638Z ^[[1m^[[92m    Checking^[[0m rustodian-core v0.1.0 (/home/runner/work/rustodian/rustodian/crates/rustodian-core)
Clippy	Run cargo clippy --workspace --all-targets -- -D warnings	2026-06-28T00:08:48.0652749Z ^[[1m^[[92m    Checking^[[0m rustodian-storage v0.1.0 (/home/runner/work/rustodian/rustodian/crates/rustodian-storage)
Clippy	Run cargo clippy --workspace --all-targets -- -D warnings	2026-06-28T00:08:48.0655006Z ^[[1m^[[92m    Checking^[[0m rustodian-git v0.1.0 (/home/runner/work/rustodian/rustodian/crates/rustodian-git)
Clippy	Run cargo clippy --workspace --all-targets -- -D warnings	2026-06-28T00:08:48.0657534Z ^[[1m^[[92m    Checking^[[0m rustodian-scanner v0.1.0 (/home/runner/work/rustodian/rustodian/crates/rustodian-scanner)
Clippy	Run cargo clippy --workspace --all-targets -- -D warnings	2026-06-28T00:08:48.0740939Z ^[[1m^[[92m    Checking^[[0m rustodian-remote v0.1.0 (/home/runner/work/rustodian/rustodian/crates/rustodian-remote)
Clippy	Run cargo clippy --workspace --all-targets -- -D warnings	2026-06-28T00:08:48.4862284Z ^[[1m^[[92m    Checking^[[0m rustodian-cli v0.1.0 (/home/runner/work/rustodian/rustodian/crates/rustodian-cli)
Clippy	Run cargo clippy --workspace --all-targets -- -D warnings	2026-06-28T00:08:48.5772748Z ^[[1m^[[92m    Checking^[[0m rustodian-desktop v0.1.0 (/home/runner/work/rustodian/rustodian/crates/rustodian-desktop)
Clippy	Run cargo clippy --workspace --all-targets -- -D warnings	2026-06-28T00:08:48.6811828Z ^[[1m^[[91merror^[[0m^[[1m: unused import: `DefaultRunningProcess`^[[0m
Clippy	Run cargo clippy --workspace --all-targets -- -D warnings	2026-06-28T00:08:48.6813615Z   ^[[1m^[[94m--> ^[[0mcrates/rustodian-desktop/src/worker.rs:12:65
Clippy	Run cargo clippy --workspace --all-targets -- -D warnings	2026-06-28T00:08:48.6841424Z    ^[[1m^[[94m|^[[0m
Clippy	Run cargo clippy --workspace --all-targets -- -D warnings	2026-06-28T00:08:48.6866337Z ^[[1m^[[94m12^[[0m ^[[1m^[[94m|^[[0m use rustodian_core::runner::{CommandSpec, DefaultCommandRunner, DefaultRunningProcess};
Clippy	Run cargo clippy --workspace --all-targets -- -D warnings	2026-06-28T00:08:48.6892326Z    ^[[1m^[[94m|^[[0m                                                                 ^[[1m^[[91m^^^^^^^^^^^^^^^^^^^^^^[[0m
Clippy	Run cargo clippy --workspace --all-targets -- -D warnings	2026-06-28T00:08:48.6893839Z    ^[[1m^[[94m|^[[0m
Clippy	Run cargo clippy --workspace --all-targets -- -D warnings	2026-06-28T00:08:48.6895750Z    ^[[1m^[[94m= ^[[0m^[[1mnote^[[0m: `-D unused-imports` implied by `-D warnings`
Clippy	Run cargo clippy --workspace --all-targets -- -D warnings	2026-06-28T00:08:48.6897067Z    ^[[1m^[[94m= ^[[0m^[[1mhelp^[[0m: to override `-D warnings` add `#[allow(unused_imports)]`
Clippy	Run cargo clippy --workspace --all-targets -- -D warnings	2026-06-28T00:08:48.6898028Z 
Clippy	Run cargo clippy --workspace --all-targets -- -D warnings	2026-06-28T00:08:48.6898885Z ^[[1m^[[91merror^[[0m^[[1m: unused import: `rustodian_types::ProjectId`^[[0m
Clippy	Run cargo clippy --workspace --all-targets -- -D warnings	2026-06-28T00:08:48.6900187Z   ^[[1m^[[94m--> ^[[0mcrates/rustodian-desktop/src/worker.rs:15:5
Clippy	Run cargo clippy --workspace --all-targets -- -D warnings	2026-06-28T00:08:48.6901451Z    ^[[1m^[[94m|^[[0m
Clippy	Run cargo clippy --workspace --all-targets -- -D warnings	2026-06-28T00:08:48.6906466Z ^[[1m^[[94m15^[[0m ^[[1m^[[94m|^[[0m use rustodian_types::ProjectId;
Clippy	Run cargo clippy --workspace --all-targets -- -D warnings	2026-06-28T00:08:48.6907890Z    ^[[1m^[[94m|^[[0m     ^[[1m^[[91m^^^^^^^^^^^^^^^^^^^^^^^^^^^[[0m
Clippy	Run cargo clippy --workspace --all-targets -- -D warnings	2026-06-28T00:08:48.6908588Z 
Clippy	Run cargo clippy --workspace --all-targets -- -D warnings	2026-06-28T00:08:48.8179899Z ^[[1m^[[91merror^[[0m^[[1m: variable does not need to be mutable^[[0m
Clippy	Run cargo clippy --workspace --all-targets -- -D warnings	2026-06-28T00:08:48.8211342Z    ^[[1m^[[94m--> ^[[0mcrates/rustodian-desktop/src/main.rs:192:33
Clippy	Run cargo clippy --workspace --all-targets -- -D warnings	2026-06-28T00:08:48.8241232Z     ^[[1m^[[94m|^[[0m
Clippy	Run cargo clippy --workspace --all-targets -- -D warnings	2026-06-28T00:08:48.8261269Z ^[[1m^[[94m192^[[0m ^[[1m^[[94m|^[[0m ^[[1m^[[94m...^[[0m                   let mut cache = DocCache {
Clippy	Run cargo clippy --workspace --all-targets -- -D warnings	2026-06-28T00:08:48.8271517Z     ^[[1m^[[94m|^[[0m                           ^[[1m^[[94m----^[[0m^[[1m^[[91m^^^^^^[[0m
Clippy	Run cargo clippy --workspace --all-targets -- -D warnings	2026-06-28T00:08:48.8302177Z     ^[[1m^[[94m|^[[0m                           ^[[1m^[[94m|^[[0m
Clippy	Run cargo clippy --workspace --all-targets -- -D warnings	2026-06-28T00:08:48.8321247Z     ^[[1m^[[94m|^[[0m                           ^[[1m^[[94mhelp: remove this `mut`^[[0m
Clippy	Run cargo clippy --workspace --all-targets -- -D warnings	2026-06-28T00:08:48.8331041Z     ^[[1m^[[94m|^[[0m
Clippy	Run cargo clippy --workspace --all-targets -- -D warnings	2026-06-28T00:08:48.8361229Z     ^[[1m^[[94m= ^[[0m^[[1mnote^[[0m: `-D unused-mut` implied by `-D warnings`
Clippy	Run cargo clippy --workspace --all-targets -- -D warnings	2026-06-28T00:08:48.8391367Z     ^[[1m^[[94m= ^[[0m^[[1mhelp^[[0m: to override `-D warnings` add `#[allow(unused_mut)]`
Clippy	Run cargo clippy --workspace --all-targets -- -D warnings	2026-06-28T00:08:48.8410705Z 
Clippy	Run cargo clippy --workspace --all-targets -- -D warnings	2026-06-28T00:08:48.8421289Z ^[[1m^[[91merror^[[0m^[[1m: variable does not need to be mutable^[[0m
Clippy	Run cargo clippy --workspace --all-targets -- -D warnings	2026-06-28T00:08:48.8437094Z    ^[[1m^[[94m--> ^[[0mcrates/rustodian-desktop/src/main.rs:350:17
Clippy	Run cargo clippy --workspace --all-targets -- -D warnings	2026-06-28T00:08:48.8437961Z     ^[[1m^[[94m|^[[0m
Clippy	Run cargo clippy --workspace --all-targets -- -D warnings	2026-06-28T00:08:48.8439451Z ^[[1m^[[94m350^[[0m ^[[1m^[[94m|^[[0m             let mut log_snapshot = self.running_cmd_log.as_ref().map(LogBuffer::snapshot).unwrap_or_default();
Clippy	Run cargo clippy --workspace --all-targets -- -D warnings	2026-06-28T00:08:48.8441337Z     ^[[1m^[[94m|^[[0m                 ^[[1m^[[94m----^[[0m^[[1m^[[91m^^^^^^^^^^^^^[[0m
Clippy	Run cargo clippy --workspace --all-targets -- -D warnings	2026-06-28T00:08:48.8442065Z     ^[[1m^[[94m|^[[0m                 ^[[1m^[[94m|^[[0m
Clippy	Run cargo clippy --workspace --all-targets -- -D warnings	2026-06-28T00:08:48.8442746Z     ^[[1m^[[94m|^[[0m                 ^[[1m^[[94mhelp: remove this `mut`^[[0m
Clippy	Run cargo clippy --workspace --all-targets -- -D warnings	2026-06-28T00:08:48.8443168Z 
Clippy	Run cargo clippy --workspace --all-targets -- -D warnings	2026-06-28T00:08:48.8443540Z ^[[1m^[[91merror^[[0m^[[1m: variable does not need to be mutable^[[0m
Clippy	Run cargo clippy --workspace --all-targets -- -D warnings	2026-06-28T00:08:48.8444323Z    ^[[1m^[[94m--> ^[[0mcrates/rustodian-desktop/src/main.rs:385:25
Clippy	Run cargo clippy --workspace --all-targets -- -D warnings	2026-06-28T00:08:48.8444997Z     ^[[1m^[[94m|^[[0m
Clippy	Run cargo clippy --workspace --all-targets -- -D warnings	2026-06-28T00:08:48.8445995Z ^[[1m^[[94m385^[[0m ^[[1m^[[94m|^[[0m                     let mut log_text = log_buf.snapshot();
Clippy	Run cargo clippy --workspace --all-targets -- -D warnings	2026-06-28T00:08:48.8446871Z     ^[[1m^[[94m|^[[0m                         ^[[1m^[[94m----^[[0m^[[1m^[[91m^^^^^^^^^[[0m
Clippy	Run cargo clippy --workspace --all-targets -- -D warnings	2026-06-28T00:08:48.8447592Z     ^[[1m^[[94m|^[[0m                         ^[[1m^[[94m|^[[0m
Clippy	Run cargo clippy --workspace --all-targets -- -D warnings	2026-06-28T00:08:48.8448312Z     ^[[1m^[[94m|^[[0m                         ^[[1m^[[94mhelp: remove this `mut`^[[0m
Clippy	Run cargo clippy --workspace --all-targets -- -D warnings	2026-06-28T00:08:48.8448737Z 
Clippy	Run cargo clippy --workspace --all-targets -- -D warnings	2026-06-28T00:08:48.8449050Z ^[[1m^[[91merror^[[0m^[[1m: field `path` is never read^[[0m
Clippy	Run cargo clippy --workspace --all-targets -- -D warnings	2026-06-28T00:08:48.8449776Z   ^[[1m^[[94m--> ^[[0mcrates/rustodian-desktop/src/message.rs:72:9
Clippy	Run cargo clippy --workspace --all-targets -- -D warnings	2026-06-28T00:08:48.8450558Z    ^[[1m^[[94m|^[[0m
Clippy	Run cargo clippy --workspace --all-targets -- -D warnings	2026-06-28T00:08:48.8451010Z ^[[1m^[[94m71^[[0m ^[[1m^[[94m|^[[0m     DocLoaded {
Clippy	Run cargo clippy --workspace --all-targets -- -D warnings	2026-06-28T00:08:48.8451729Z    ^[[1m^[[94m|^[[0m     ^[[1m^[[94m---------^[[0m ^[[1m^[[94mfield in this variant^[[0m
Clippy	Run cargo clippy --workspace --all-targets -- -D warnings	2026-06-28T00:08:48.8452457Z ^[[1m^[[94m72^[[0m ^[[1m^[[94m|^[[0m         path: PathBuf,
Clippy	Run cargo clippy --workspace --all-targets -- -D warnings	2026-06-28T00:08:48.8453028Z    ^[[1m^[[94m|^[[0m         ^[[1m^[[91m^^^^^[[0m
Clippy	Run cargo clippy --workspace --all-targets -- -D warnings	2026-06-28T00:08:48.8453518Z    ^[[1m^[[94m|^[[0m
Clippy	Run cargo clippy --workspace --all-targets -- -D warnings	2026-06-28T00:08:48.8454080Z    ^[[1m^[[94m= ^[[0m^[[1mnote^[[0m: `-D dead-code` implied by `-D warnings`
Clippy	Run cargo clippy --workspace --all-targets -- -D warnings	2026-06-28T00:08:48.8455114Z    ^[[1m^[[94m= ^[[0m^[[1mhelp^[[0m: to override `-D warnings` add `#[expect(dead_code)]` or `#[allow(dead_code)]`
Clippy	Run cargo clippy --workspace --all-targets -- -D warnings	2026-06-28T00:08:48.8455773Z 
Clippy	Run cargo clippy --workspace --all-targets -- -D warnings	2026-06-28T00:08:48.8521324Z ^[[1m^[[91merror^[[0m^[[1m: this function has too many lines (140/100)^[[0m
Clippy	Run cargo clippy --workspace --all-targets -- -D warnings	2026-06-28T00:08:48.8531489Z    ^[[1m^[[94m--> ^[[0mcrates/rustodian-desktop/src/worker.rs:145:1
Clippy	Run cargo clippy --workspace --all-targets -- -D warnings	2026-06-28T00:08:48.8532358Z     ^[[1m^[[94m|^[[0m
Clippy	Run cargo clippy --workspace --all-targets -- -D warnings	2026-06-28T00:08:48.8533078Z ^[[1m^[[94m145^[[0m ^[[1m^[[94m|^[[0m ^[[1m^[[91m/^[[0m pub fn run_worker(
Clippy	Run cargo clippy --workspace --all-targets -- -D warnings	2026-06-28T00:08:48.8533979Z ^[[1m^[[94m146^[[0m ^[[1m^[[94m|^[[0m ^[[1m^[[91m|^[[0m     store: Arc<SqliteStore>,
Clippy	Run cargo clippy --workspace --all-targets -- -D warnings	2026-06-28T00:08:48.8535300Z ^[[1m^[[94m147^[[0m ^[[1m^[[94m|^[[0m ^[[1m^[[91m|^[[0m     rx: &std::sync::mpsc::Receiver<GuiMessage>,
Clippy	Run cargo clippy --workspace --all-targets -- -D warnings	2026-06-28T00:08:48.8536287Z ^[[1m^[[94m148^[[0m ^[[1m^[[94m|^[[0m ^[[1m^[[91m|^[[0m     tx: &std::sync::mpsc::Sender<WorkerMessage>,
Clippy	Run cargo clippy --workspace --all-targets -- -D warnings	2026-06-28T00:08:48.8537092Z ^[[1m^[[94m149^[[0m ^[[1m^[[94m|^[[0m ^[[1m^[[91m|^[[0m     ctx: &eframe::egui::Context,
Clippy	Run cargo clippy --workspace --all-targets -- -D warnings	2026-06-28T00:08:48.8537894Z ^[[1m^[[94m150^[[0m ^[[1m^[[94m|^[[0m ^[[1m^[[91m|^[[0m ) {
Clippy	Run cargo clippy --workspace --all-targets -- -D warnings	2026-06-28T00:08:48.8538494Z     ^[[1m^[[94m|^[[0m ^[[1m^[[91m|_^^[[0m
Clippy	Run cargo clippy --workspace --all-targets -- -D warnings	2026-06-28T00:08:48.8538998Z     ^[[1m^[[94m|^[[0m
Clippy	Run cargo clippy --workspace --all-targets -- -D warnings	2026-06-28T00:08:48.8540173Z     ^[[1m^[[94m= ^[[0m^[[1mhelp^[[0m: for further information visit https://rust-lang.github.io/rust-clippy/rust-1.96.0/index.html#too_many_lines
Clippy	Run cargo clippy --workspace --all-targets -- -D warnings	2026-06-28T00:08:48.8541913Z     ^[[1m^[[94m= ^[[0m^[[1mnote^[[0m: `-D clippy::too-many-lines` implied by `-D warnings`
Clippy	Run cargo clippy --workspace --all-targets -- -D warnings	2026-06-28T00:08:48.8543076Z     ^[[1m^[[94m= ^[[0m^[[1mhelp^[[0m: to override `-D warnings` add `#[allow(clippy::too_many_lines)]`
Clippy	Run cargo clippy --workspace --all-targets -- -D warnings	2026-06-28T00:08:48.8543691Z 
Clippy	Run cargo clippy --workspace --all-targets -- -D warnings	2026-06-28T00:08:48.8544422Z ^[[1m^[[91merror^[[0m^[[1m: `flatten()` will run forever if the iterator repeatedly produces an `Err`^[[0m
Clippy	Run cargo clippy --workspace --all-targets -- -D warnings	2026-06-28T00:08:48.8561366Z    ^[[1m^[[94m--> ^[[0mcrates/rustodian-desktop/src/worker.rs:208:60
Clippy	Run cargo clippy --workspace --all-targets -- -D warnings	2026-06-28T00:08:48.8562131Z     ^[[1m^[[94m|^[[0m
Clippy	Run cargo clippy --workspace --all-targets -- -D warnings	2026-06-28T00:08:48.8562949Z ^[[1m^[[94m208^[[0m ^[[1m^[[94m|^[[0m ^[[1m^[[94m...^[[0m                   for line in reader.lines().flatten() {
Clippy	Run cargo clippy --workspace --all-targets -- -D warnings	2026-06-28T00:08:48.8564817Z     ^[[1m^[[94m|^[[0m                                                  ^[[1m^[[91m^^^^^^^^^^[[0m ^[[1m^[[91mhelp: replace with: `map_while(Result::ok)`^[[0m
Clippy	Run cargo clippy --workspace --all-targets -- -D warnings	2026-06-28T00:08:48.8565737Z     ^[[1m^[[94m|^[[0m
Clippy	Run cargo clippy --workspace --all-targets -- -D warnings	2026-06-28T00:08:48.8566869Z ^[[1m^[[92mnote^[[0m: this expression returning a `std::io::Lines` may produce an infinite number of `Err` in case of a read error
Clippy	Run cargo clippy --workspace --all-targets -- -D warnings	2026-06-28T00:08:48.8568138Z    ^[[1m^[[94m--> ^[[0mcrates/rustodian-desktop/src/worker.rs:208:45
Clippy	Run cargo clippy --workspace --all-targets -- -D warnings	2026-06-28T00:08:48.8568803Z     ^[[1m^[[94m|^[[0m
Clippy	Run cargo clippy --workspace --all-targets -- -D warnings	2026-06-28T00:08:48.8569550Z ^[[1m^[[94m208^[[0m ^[[1m^[[94m|^[[0m ^[[1m^[[94m...^[[0m                   for line in reader.lines().flatten() {
Clippy	Run cargo clippy --workspace --all-targets -- -D warnings	2026-06-28T00:08:48.8570860Z     ^[[1m^[[94m|^[[0m                                   ^[[1m^[[92m^^^^^^^^^^^^^^^[[0m
Clippy	Run cargo clippy --workspace --all-targets -- -D warnings	2026-06-28T00:08:48.8572331Z     ^[[1m^[[94m= ^[[0m^[[1mhelp^[[0m: for further information visit https://rust-lang.github.io/rust-clippy/rust-1.96.0/index.html#lines_filter_map_ok
Clippy	Run cargo clippy --workspace --all-targets -- -D warnings	2026-06-28T00:08:48.8574234Z     ^[[1m^[[94m= ^[[0m^[[1mnote^[[0m: `-D clippy::lines-filter-map-ok` implied by `-D warnings`
Clippy	Run cargo clippy --workspace --all-targets -- -D warnings	2026-06-28T00:08:48.8575462Z     ^[[1m^[[94m= ^[[0m^[[1mhelp^[[0m: to override `-D warnings` add `#[allow(clippy::lines_filter_map_ok)]`
Clippy	Run cargo clippy --workspace --all-targets -- -D warnings	2026-06-28T00:08:48.8576040Z 
Clippy	Run cargo clippy --workspace --all-targets -- -D warnings	2026-06-28T00:08:48.8576632Z ^[[1m^[[91merror^[[0m^[[1m: `flatten()` will run forever if the iterator repeatedly produces an `Err`^[[0m
Clippy	Run cargo clippy --workspace --all-targets -- -D warnings	2026-06-28T00:08:48.8577712Z    ^[[1m^[[94m--> ^[[0mcrates/rustodian-desktop/src/worker.rs:221:60
Clippy	Run cargo clippy --workspace --all-targets -- -D warnings	2026-06-28T00:08:48.8578389Z     ^[[1m^[[94m|^[[0m
Clippy	Run cargo clippy --workspace --all-targets -- -D warnings	2026-06-28T00:08:48.8579178Z ^[[1m^[[94m221^[[0m ^[[1m^[[94m|^[[0m ^[[1m^[[94m...^[[0m                   for line in reader.lines().flatten() {
Clippy	Run cargo clippy --workspace --all-targets -- -D warnings	2026-06-28T00:08:48.8580878Z     ^[[1m^[[94m|^[[0m                                                  ^[[1m^[[91m^^^^^^^^^^[[0m ^[[1m^[[91mhelp: replace with: `map_while(Result::ok)`^[[0m
Clippy	Run cargo clippy --workspace --all-targets -- -D warnings	2026-06-28T00:08:48.8581769Z     ^[[1m^[[94m|^[[0m
Clippy	Run cargo clippy --workspace --all-targets -- -D warnings	2026-06-28T00:08:48.8582921Z ^[[1m^[[92mnote^[[0m: this expression returning a `std::io::Lines` may produce an infinite number of `Err` in case of a read error
Clippy	Run cargo clippy --workspace --all-targets -- -D warnings	2026-06-28T00:08:48.8584220Z    ^[[1m^[[94m--> ^[[0mcrates/rustodian-desktop/src/worker.rs:221:45
Clippy	Run cargo clippy --workspace --all-targets -- -D warnings	2026-06-28T00:08:48.8584902Z     ^[[1m^[[94m|^[[0m
Clippy	Run cargo clippy --workspace --all-targets -- -D warnings	2026-06-28T00:08:48.8585664Z ^[[1m^[[94m221^[[0m ^[[1m^[[94m|^[[0m ^[[1m^[[94m...^[[0m                   for line in reader.lines().flatten() {
Clippy	Run cargo clippy --workspace --all-targets -- -D warnings	2026-06-28T00:08:48.8586605Z     ^[[1m^[[94m|^[[0m                                   ^[[1m^[[92m^^^^^^^^^^^^^^^[[0m
Clippy	Run cargo clippy --workspace --all-targets -- -D warnings	2026-06-28T00:08:48.8588001Z     ^[[1m^[[94m= ^[[0m^[[1mhelp^[[0m: for further information visit https://rust-lang.github.io/rust-clippy/rust-1.96.0/index.html#lines_filter_map_ok
Clippy	Run cargo clippy --workspace --all-targets -- -D warnings	2026-06-28T00:08:48.8588944Z 
Clippy	Run cargo clippy --workspace --all-targets -- -D warnings	2026-06-28T00:08:48.9520985Z ^[[1m^[[91merror^[[0m: could not compile `rustodian-desktop` (bin "rustodian-desktop") due to 9 previous errors
Clippy	Run cargo clippy --workspace --all-targets -- -D warnings	2026-06-28T00:08:48.9522937Z ^[[1m^[[33mwarning^[[0m: build failed, waiting for other jobs to finish...
Clippy	Run cargo clippy --workspace --all-targets -- -D warnings	2026-06-28T00:08:48.9525863Z ^[[1m^[[91merror^[[0m: could not compile `rustodian-desktop` (bin "rustodian-desktop" test) due to 9 previous errors
Clippy	Run cargo clippy --workspace --all-targets -- -D warnings	2026-06-28T00:08:49.0958406Z ##[error]Process completed with exit code 101.
Clippy	Post Run actions/checkout@v7	﻿2026-06-28T00:08:49.1106800Z Post job cleanup.
Clippy	Post Run actions/checkout@v7	2026-06-28T00:08:49.1939880Z [command]/usr/bin/git version
Clippy	Post Run actions/checkout@v7	2026-06-28T00:08:49.1975629Z git version 2.54.0
Clippy	Post Run actions/checkout@v7	2026-06-28T00:08:49.2011168Z Temporarily overriding HOME='/home/runner/work/_temp/15957db4-99e4-4c60-8b4f-c3c24f51e51e' before making global git config changes
Clippy	Post Run actions/checkout@v7	2026-06-28T00:08:49.2012098Z Adding repository directory to the temporary git global config as a safe directory
Clippy	Post Run actions/checkout@v7	2026-06-28T00:08:49.2022938Z [command]/usr/bin/git config --global --add safe.directory /home/runner/work/rustodian/rustodian
Clippy	Post Run actions/checkout@v7	2026-06-28T00:08:49.2052380Z Removing SSH command configuration
Clippy	Post Run actions/checkout@v7	2026-06-28T00:08:49.2057640Z [command]/usr/bin/git config --local --name-only --get-regexp core\.sshCommand
Clippy	Post Run actions/checkout@v7	2026-06-28T00:08:49.2090747Z [command]/usr/bin/git submodule foreach --recursive sh -c "git config --local --name-only --get-regexp 'core\.sshCommand' && git config --local --unset-all 'core.sshCommand' || :"
Clippy	Post Run actions/checkout@v7	2026-06-28T00:08:49.2307401Z Removing HTTP extra header
Clippy	Post Run actions/checkout@v7	2026-06-28T00:08:49.2312685Z [command]/usr/bin/git config --local --name-only --get-regexp http\.https\:\/\/github\.com\/\.extraheader
Clippy	Post Run actions/checkout@v7	2026-06-28T00:08:49.2344603Z [command]/usr/bin/git submodule foreach --recursive sh -c "git config --local --name-only --get-regexp 'http\.https\:\/\/github\.com\/\.extraheader' && git config --local --unset-all 'http.https://github.com/.extraheader' || :"
Clippy	Post Run actions/checkout@v7	2026-06-28T00:08:49.2557112Z Removing includeIf entries pointing to credentials config files
Clippy	Post Run actions/checkout@v7	2026-06-28T00:08:49.2562316Z [command]/usr/bin/git config --local --name-only --get-regexp ^includeIf\.gitdir:
Clippy	Post Run actions/checkout@v7	2026-06-28T00:08:49.2587474Z includeif.gitdir:/home/runner/work/rustodian/rustodian/.git.path
Clippy	Post Run actions/checkout@v7	2026-06-28T00:08:49.2588311Z includeif.gitdir:/home/runner/work/rustodian/rustodian/.git/worktrees/*.path
Clippy	Post Run actions/checkout@v7	2026-06-28T00:08:49.2588849Z includeif.gitdir:/github/workspace/.git.path
Clippy	Post Run actions/checkout@v7	2026-06-28T00:08:49.2589301Z includeif.gitdir:/github/workspace/.git/worktrees/*.path
Clippy	Post Run actions/checkout@v7	2026-06-28T00:08:49.2596002Z [command]/usr/bin/git config --local --get-all includeif.gitdir:/home/runner/work/rustodian/rustodian/.git.path
Clippy	Post Run actions/checkout@v7	2026-06-28T00:08:49.2617281Z /home/runner/work/_temp/git-credentials-9b4f2a2f-ecb9-4a6e-9605-9f7662def9a7.config
Clippy	Post Run actions/checkout@v7	2026-06-28T00:08:49.2626796Z [command]/usr/bin/git config --local --unset includeif.gitdir:/home/runner/work/rustodian/rustodian/.git.path /home/runner/work/_temp/git-credentials-9b4f2a2f-ecb9-4a6e-9605-9f7662def9a7.config
Clippy	Post Run actions/checkout@v7	2026-06-28T00:08:49.2660006Z [command]/usr/bin/git config --local --get-all includeif.gitdir:/home/runner/work/rustodian/rustodian/.git/worktrees/*.path
Clippy	Post Run actions/checkout@v7	2026-06-28T00:08:49.2680534Z /home/runner/work/_temp/git-credentials-9b4f2a2f-ecb9-4a6e-9605-9f7662def9a7.config
Clippy	Post Run actions/checkout@v7	2026-06-28T00:08:49.2690572Z [command]/usr/bin/git config --local --unset includeif.gitdir:/home/runner/work/rustodian/rustodian/.git/worktrees/*.path /home/runner/work/_temp/git-credentials-9b4f2a2f-ecb9-4a6e-9605-9f7662def9a7.config
Clippy	Post Run actions/checkout@v7	2026-06-28T00:08:49.2726705Z [command]/usr/bin/git config --local --get-all includeif.gitdir:/github/workspace/.git.path
Clippy	Post Run actions/checkout@v7	2026-06-28T00:08:49.2747193Z /github/runner_temp/git-credentials-9b4f2a2f-ecb9-4a6e-9605-9f7662def9a7.config
Clippy	Post Run actions/checkout@v7	2026-06-28T00:08:49.2755354Z [command]/usr/bin/git config --local --unset includeif.gitdir:/github/workspace/.git.path /github/runner_temp/git-credentials-9b4f2a2f-ecb9-4a6e-9605-9f7662def9a7.config
Clippy	Post Run actions/checkout@v7	2026-06-28T00:08:49.2787663Z [command]/usr/bin/git config --local --get-all includeif.gitdir:/github/workspace/.git/worktrees/*.path
Clippy	Post Run actions/checkout@v7	2026-06-28T00:08:49.2809718Z /github/runner_temp/git-credentials-9b4f2a2f-ecb9-4a6e-9605-9f7662def9a7.config
Clippy	Post Run actions/checkout@v7	2026-06-28T00:08:49.2818016Z [command]/usr/bin/git config --local --unset includeif.gitdir:/github/workspace/.git/worktrees/*.path /github/runner_temp/git-credentials-9b4f2a2f-ecb9-4a6e-9605-9f7662def9a7.config
Clippy	Post Run actions/checkout@v7	2026-06-28T00:08:49.2848907Z [command]/usr/bin/git submodule foreach --recursive git config --local --show-origin --name-only --get-regexp remote.origin.url
Clippy	Post Run actions/checkout@v7	2026-06-28T00:08:49.3057003Z Removing credentials config '/home/runner/work/_temp/git-credentials-9b4f2a2f-ecb9-4a6e-9605-9f7662def9a7.config'
Clippy	Complete job	﻿2026-06-28T00:08:49.3186210Z Cleaning up orphan processes
